2023_03_04_ACRE_OUT_COMP.csv
2023_03_26_ACRE_OUT_COMP.csv
2023_03_31_ACRE_OUT_COMP.csv


2023_03_26_ACRE_ILA_COMP.csv
2023_03_31_ACRE_ILA_COMP.csv
2023_04_08_ACRE_ILA_COMP-test.csv


2023_03_04_ACRE_ILB_COMP.csv
2023_03_26_ACRE_ILB_COMP.csv
2023_03_31_ACRE_ILB_COMP.csv


2023_03_04_ACRE_CEN_COMP.csv
2023_03_26_ACRE_CEN_COMP.csv
2023_03_31_ACRE_CEN_COMP.csv


2023_03_26_ACRE_F63_COMP.csv
2023_03_31_ACRE_F63_COMP.csv


2023_02_25_ACRE_BARO.csv
2023_03_04_ACRE_BARO.csv
2023_03_26_ACRE_BARO.csv
2023_03_31_ACRE_BARO.csv
2023_04_08_ACRE_BARO.csv
2023_04_16_ACRE_BARO.csv


